Last login: Mon Mar 23 17:42:40 on ttys069
milzor@Miloszs-MacBook-Air ~ % cd /Users/milzor/agh/LSC/lsc-lab4-aws-cloud-r2-MilzorV
milzor@Miloszs-MacBook-Air lsc-lab4-aws-cloud-r2-MilzorV % aws configure set region us-east-1
milzor@Miloszs-MacBook-Air lsc-lab4-aws-cloud-r2-MilzorV % aws iam get-role --role-name LabRole --query 'Role.Arn' --output text
arn:aws:iam::905418162206:role/LabRole
milzor@Miloszs-MacBook-Air lsc-lab4-aws-cloud-r2-MilzorV % bash deploy/01-ecr.sh
ERROR: Set ACCOUNT_ID before running. Either:
  export ACCOUNT_ID=$(aws sts get-caller-identity --query Account --output text)
  or edit deploy/00-config.sh directly.
milzor@Miloszs-MacBook-Air lsc-lab4-aws-cloud-r2-MilzorV % export ACCOUNT_ID=$(aws sts get-caller-identity --query Account --output text)
echo $ACCOUNT_ID
905418162206
milzor@Miloszs-MacBook-Air lsc-lab4-aws-cloud-r2-MilzorV % bash deploy/01-ecr.sh
Config loaded: ACCOUNT_ID=905418162206, REGION=us-east-1
=== Step 1: ECR Repository & Docker Image ===
Creating ECR repository...
{
    "repository": {
        "repositoryArn": "arn:aws:ecr:us-east-1:905418162206:repository/lsc-knn-app",
        "registryId": "905418162206",
        "repositoryName": "lsc-knn-app",
        "repositoryUri": "905418162206.dkr.ecr.us-east-1.amazonaws.com/lsc-knn-app",
        "createdAt": "2026-03-23T17:49:57.555000+01:00",
        "imageTagMutability": "MUTABLE",
        "imageScanningConfiguration": {
            "scanOnPush": false
        },
        "encryptionConfiguration": {
            "encryptionType": "AES256"
        }
    }
}
Logging into ECR...
Login Succeeded
Building Docker image...
[+] Building 25.7s (11/11) FINISHED                                                           docker:desktop-linux
 => [internal] load build definition from Dockerfile                                                          0.0s
 => => transferring dockerfile: 481B                                                                          0.0s
 => [internal] load metadata for public.ecr.aws/lambda/python:3.12                                            2.0s
 => [internal] load .dockerignore                                                                             0.0s
 => => transferring context: 2B                                                                               0.0s
 => [1/6] FROM public.ecr.aws/lambda/python:3.12@sha256:655d3d70a185e87e2b86f61bde3609165b198cd7bcf64191ca7  17.8s
 => => resolve public.ecr.aws/lambda/python:3.12@sha256:655d3d70a185e87e2b86f61bde3609165b198cd7bcf64191ca77  0.0s
 => => sha256:e43ae7a4f14cd45094204288c35a5a28fc0f4e1c71589d056ca3483f094c4087 14.20kB / 14.20kB              0.2s
 => => sha256:20af444fdd314e47ae172ddcf9631cc073efbf1cb46658ba4c39ad0d40d07b23 144.37MB / 144.37MB           16.6s
 => => sha256:107b3366ee6af29537a030c8d06253e3629a62e3b5d6884ba0cee2fc5a3a6148 3.42MB / 3.42MB                1.9s
 => => sha256:3c74c40580bbdde433db48290f942c230a9ba6b7fadb44d262d9efaffdd01b19 417B / 417B                    0.7s
 => => sha256:b9bb64e36e514253c05b1f2c1239ecb9002d32794472cdd5b09e1e3e29da8316 88.12kB / 88.12kB              0.7s
 => => sha256:9c05e32e72628f9dc35778a683e6aba6320abd843f08a3fe2cf643e1bc6bef9e 37.52MB / 37.52MB              9.9s
 => => extracting sha256:9c05e32e72628f9dc35778a683e6aba6320abd843f08a3fe2cf643e1bc6bef9e                     0.5s
 => => extracting sha256:b9bb64e36e514253c05b1f2c1239ecb9002d32794472cdd5b09e1e3e29da8316                     0.0s
 => => extracting sha256:3c74c40580bbdde433db48290f942c230a9ba6b7fadb44d262d9efaffdd01b19                     0.0s
 => => extracting sha256:107b3366ee6af29537a030c8d06253e3629a62e3b5d6884ba0cee2fc5a3a6148                     0.0s
 => => extracting sha256:20af444fdd314e47ae172ddcf9631cc073efbf1cb46658ba4c39ad0d40d07b23                     1.2s
 => => extracting sha256:e43ae7a4f14cd45094204288c35a5a28fc0f4e1c71589d056ca3483f094c4087                     0.0s
 => [internal] load build context                                                                             0.0s
 => => transferring context: 3.56kB                                                                           0.0s
 => [2/6] COPY requirements.txt /var/task/                                                                    0.5s
 => [3/6] RUN pip install --no-cache-dir -r /var/task/requirements.txt                                        3.9s
 => [4/6] COPY app.py handler.py generate_dataset.py /var/task/                                               0.0s
 => [5/6] COPY entrypoint.sh /entrypoint.sh                                                                   0.0s 
 => [6/6] RUN chmod +x /entrypoint.sh                                                                         0.1s 
 => exporting to image                                                                                        1.2s 
 => => exporting layers                                                                                       1.0s 
 => => exporting manifest sha256:3c51e9ea5621d72425a1d25f63d2fab8dd0278127d71ea08bcd9bc2be52379e1             0.0s 
 => => exporting config sha256:1005cb4a9e7d9b9591b8abf054a0f9df50578bbc3d1972dd7fa39fac1ef411c8               0.0s
 => => exporting attestation manifest sha256:d048058481a39184d299b7fc27008e2e3a14d6303742fa14eb906653e79b194  0.0s
 => => exporting manifest list sha256:e210df15fd85ab4c499b45bf152ef2713c5f4dfba7f9946dab2cfa989fcba30b        0.0s
 => => naming to docker.io/library/lsc-knn-app:latest                                                         0.0s
 => => unpacking to docker.io/library/lsc-knn-app:latest                                                      0.2s

View build details: docker-desktop://dashboard/build/desktop-linux/desktop-linux/mgdrqs65r8ycbtbrg7vaqazeu
Pushing image to ECR...
The push refers to repository [905418162206.dkr.ecr.us-east-1.amazonaws.com/lsc-knn-app]
9c05e32e7262: Pushed 
b9bb64e36e51: Pushed 
3c74c40580bb: Pushed 
20af444fdd31: Pushed 
e43ae7a4f14c: Pushed 
5157bbd572df: Pushed 
0ec72cdde059: Pushed 
107b3366ee6a: Pushed 
64ed27707ecf: Pushed 
1064784572f0: Pushed 
2de6b2e9334d: Pushed 
6c2a47450e67: Pushed 
latest: digest: sha256:e210df15fd85ab4c499b45bf152ef2713c5f4dfba7f9946dab2cfa989fcba30b size: 856
=== ECR done. Image URI: 905418162206.dkr.ecr.us-east-1.amazonaws.com/lsc-knn-app:latest ===
milzor@Miloszs-MacBook-Air lsc-lab4-aws-cloud-r2-MilzorV % bash deploy/02-lambda-zip.sh
Config loaded: ACCOUNT_ID=905418162206, REGION=us-east-1
=== Step 2: Lambda Zip Deployment ===
Building NumPy Lambda layer...
Unable to find image 'python:3.12-slim' locally
3.12-slim: Pulling from library/python
bf2133636eec: Pull complete 
e154f12a68d4: Pull complete 
41a4e6de4142: Pull complete 
f4badedbec24: Pull complete 
Digest: sha256:3d5ed973e45820f5ba5e46bd065bd88b3a504ff0724d85980dcd05eab361fcf4
Status: Downloaded newer image for python:3.12-slim
WARNING: Running pip as the 'root' user can result in broken permissions and conflicting behaviour with the system package manager, possibly rendering your system unusable. It is recommended to use a virtual environment instead: https://pip.pypa.io/warnings/venv. Use the --root-user-action option if you know what you are doing and want to suppress this warning.

[notice] A new release of pip is available: 25.0.1 -> 26.0.1
[notice] To update, run: pip install --upgrade pip
Publishing Lambda layer...
Layer ARN: arn:aws:lambda:us-east-1:905418162206:layer:numpy-py312:1
Packaging Lambda zip...
  adding: handler.py (deflated 51%)
  adding: app.py (deflated 49%)
  adding: generate_dataset.py (deflated 28%)
Creating Lambda function (zip)...
arn:aws:lambda:us-east-1:905418162206:function:lsc-knn-zip
Waiting for function to become active...
Creating Function URL...
{
    "Statement": "{\"Sid\":\"FunctionURLInvoke\",\"Effect\":\"Allow\",\"Principal\":\"*\",\"Action\":\"lambda:InvokeFunctionUrl\",\"Resource\":\"arn:aws:lambda:us-east-1:905418162206:function:lsc-knn-zip\",\"Condition\":{\"StringEquals\":{\"lambda:FunctionUrlAuthType\":\"AWS_IAM\"}}}"
}
=== Lambda Zip done. Function URL: https://oi7rd6dpse7ppexzepeybok4bu0dxwow.lambda-url.us-east-1.on.aws/ ===
milzor@Miloszs-MacBook-Air lsc-lab4-aws-cloud-r2-MilzorV % bash deploy/03-lambda-container.sh
Config loaded: ACCOUNT_ID=905418162206, REGION=us-east-1
=== Step 3: Lambda Container Image Deployment ===
Creating Lambda function (container)...

aws: [ERROR]: An error occurred (InvalidParameterValueException) when calling the CreateFunction operation: The image manifest, config or layer media type for the source image 905418162206.dkr.ecr.us-east-1.amazonaws.com/lsc-knn-app:latest is not supported.

Additional error details:
Type: User
message: The image manifest, config or layer media type for the source image 905418162206.dkr.ecr.us-east-1.amazonaws.com/lsc-knn-app:latest is not supported.
milzor@Miloszs-MacBook-Air lsc-lab4-aws-cloud-r2-MilzorV % source deploy/00-config.sh
Config loaded: ACCOUNT_ID=905418162206, REGION=us-east-1
milzor@Miloszs-MacBook-Air lsc-lab4-aws-cloud-r2-MilzorV % export ACCOUNT_ID=905418162206
milzor@Miloszs-MacBook-Air lsc-lab4-aws-cloud-r2-MilzorV % docker buildx build \
  --platform linux/amd64 \
  --provenance=false \
  --sbom=false \
  -t "${ECR_URI}:latest" \
  --push \
  "$WORKLOAD_DIR"
[+] Building 0.0s (0/0)                                                                       docker:desktop-linux
ERROR: failed to build: unable to prepare context: path "/Users/milzor/agh/LSC/workload" not found
milzor@Miloszs-MacBook-Air lsc-lab4-aws-cloud-r2-MilzorV % docker buildx build \
  --platform linux/amd64 \
  --provenance=false \
  --sbom=false \
  -t 905418162206.dkr.ecr.us-east-1.amazonaws.com/lsc-knn-app:latest \
  --push \
  ./workload
[+] Building 68.3s (12/12) FINISHED                                                           docker:desktop-linux
 => [internal] load build definition from Dockerfile                                                          0.0s
 => => transferring dockerfile: 481B                                                                          0.0s
 => [internal] load metadata for public.ecr.aws/lambda/python:3.12                                            1.6s
 => [internal] load .dockerignore                                                                             0.0s
 => => transferring context: 2B                                                                               0.0s
 => [1/6] FROM public.ecr.aws/lambda/python:3.12@sha256:655d3d70a185e87e2b86f61bde3609165b198cd7bcf64191ca7  25.9s
 => => resolve public.ecr.aws/lambda/python:3.12@sha256:655d3d70a185e87e2b86f61bde3609165b198cd7bcf64191ca77  0.0s
 => => sha256:b448e16026b2a35197fd2bf5f66690f456af8394d7a5350535364c0582c7318b 14.20kB / 14.20kB              0.2s
 => => sha256:85f148e76baa979ac61648c4eea3dc79166a31a5efa11d27a7f639a6d10d293d 146.08MB / 146.08MB           24.7s
 => => sha256:4e59a93cc0d93e0b5d01b058ee320def70ad03b347010fc25603b26b2ce4e12e 3.77MB / 3.77MB                2.9s
 => => sha256:350721d34ec82a1c961e468cc3da8e8fc12b5c92adaaacccc5635f20115a86f1 416B / 416B                    0.7s
 => => sha256:dc6162246921f7c2fe9142d57d269a5a08c0c8cf082a2086329f320706805485 88.13kB / 88.13kB              0.7s
 => => sha256:bf639fcde9663382fc2fd50df00b201a612144ac9efcfc6d1b3615841314b821 38.70MB / 38.70MB             10.9s
 => => extracting sha256:bf639fcde9663382fc2fd50df00b201a612144ac9efcfc6d1b3615841314b821                     0.4s
 => => extracting sha256:dc6162246921f7c2fe9142d57d269a5a08c0c8cf082a2086329f320706805485                     0.0s
 => => extracting sha256:350721d34ec82a1c961e468cc3da8e8fc12b5c92adaaacccc5635f20115a86f1                     0.0s
 => => extracting sha256:4e59a93cc0d93e0b5d01b058ee320def70ad03b347010fc25603b26b2ce4e12e                     0.0s
 => => extracting sha256:85f148e76baa979ac61648c4eea3dc79166a31a5efa11d27a7f639a6d10d293d                     1.2s
 => => extracting sha256:b448e16026b2a35197fd2bf5f66690f456af8394d7a5350535364c0582c7318b                     0.0s
 => [internal] load build context                                                                             0.0s
 => => transferring context: 164B                                                                             0.0s
 => [2/6] COPY requirements.txt /var/task/                                                                    0.5s
 => [3/6] RUN pip install --no-cache-dir -r /var/task/requirements.txt                                        6.0s
 => [4/6] COPY app.py handler.py generate_dataset.py /var/task/                                               0.0s 
 => [5/6] COPY entrypoint.sh /entrypoint.sh                                                                   0.0s 
 => [6/6] RUN chmod +x /entrypoint.sh                                                                         0.1s 
 => exporting to image                                                                                       34.0s 
 => => exporting layers                                                                                       1.4s 
 => => exporting manifest sha256:a661bda4c7ad2a8a09131185bffcc2718c79007453ac3248a4ac0ff66860bf2d             0.0s 
 => => exporting config sha256:7bee3f9282603b2d7c889ec43a85268fe71e50baa86d412f44d80a30fca78e2b               0.0s
 => => naming to 905418162206.dkr.ecr.us-east-1.amazonaws.com/lsc-knn-app:latest                              0.0s
 => => pushing layers                                                                                        31.8s
 => => pushing manifest for 905418162206.dkr.ecr.us-east-1.amazonaws.com/lsc-knn-app:latest@sha256:a661bda4c  0.7s
 => [auth] sharing credentials for 905418162206.dkr.ecr.us-east-1.amazonaws.com                               0.0s

View build details: docker-desktop://dashboard/build/desktop-linux/desktop-linux/xgpgiq9we63cbbfiw8lgia8iq
milzor@Miloszs-MacBook-Air lsc-lab4-aws-cloud-r2-MilzorV % bash deploy/03-lambda-container.sh
Config loaded: ACCOUNT_ID=905418162206, REGION=us-east-1
=== Step 3: Lambda Container Image Deployment ===
Creating Lambda function (container)...
arn:aws:lambda:us-east-1:905418162206:function:lsc-knn-container
Waiting for function to become active...
Creating Function URL...
{
    "Statement": "{\"Sid\":\"FunctionURLInvoke\",\"Effect\":\"Allow\",\"Principal\":\"*\",\"Action\":\"lambda:InvokeFunctionUrl\",\"Resource\":\"arn:aws:lambda:us-east-1:905418162206:function:lsc-knn-container\",\"Condition\":{\"StringEquals\":{\"lambda:FunctionUrlAuthType\":\"AWS_IAM\"}}}"
}
=== Lambda Container done. Function URL: https://bmqrq2pabtgkamlhxmixie35n40zsigr.lambda-url.us-east-1.on.aws/ ===
milzor@Miloszs-MacBook-Air lsc-lab4-aws-cloud-r2-MilzorV % bash deploy/04-fargate.sh
Config loaded: ACCOUNT_ID=905418162206, REGION=us-east-1
=== Step 4: ECS Fargate with ALB ===
Finding default VPC...
VPC: vpc-02160d5863da7f14e
Finding subnets (need 2+ AZs for ALB)...
Subnets: subnet-0ec817f7be0993fcb, subnet-07b7c3a2281990945
Creating ALB security group...
{
    "Return": true,
    "SecurityGroupRules": [
        {
            "SecurityGroupRuleId": "sgr-06e7239eaa75447fe",
            "GroupId": "sg-08d174de70ad49e68",
            "GroupOwnerId": "905418162206",
            "IsEgress": false,
            "IpProtocol": "tcp",
            "FromPort": 80,
            "ToPort": 80,
            "CidrIpv4": "0.0.0.0/0",
            "SecurityGroupRuleArn": "arn:aws:ec2:us-east-1:905418162206:security-group-rule/sgr-06e7239eaa75447fe"
        }
    ]
}
ALB SG: sg-08d174de70ad49e68
Creating task security group...
{
    "Return": true,
    "SecurityGroupRules": [
        {
            "SecurityGroupRuleId": "sgr-08df548be96570d94",
            "GroupId": "sg-09c9285790218504b",
            "GroupOwnerId": "905418162206",
            "IsEgress": false,
            "IpProtocol": "tcp",
            "FromPort": 8080,
            "ToPort": 8080,
            "ReferencedGroupInfo": {
                "GroupId": "sg-08d174de70ad49e68",
                "UserId": "905418162206"
            },
            "SecurityGroupRuleArn": "arn:aws:ec2:us-east-1:905418162206:security-group-rule/sgr-08df548be96570d94"
        }
    ]
}
Task SG: sg-09c9285790218504b
Creating ECS cluster...
arn:aws:ecs:us-east-1:905418162206:cluster/lsc-knn-cluster
Creating log group...
Registering task definition...
Task definition: arn:aws:ecs:us-east-1:905418162206:task-definition/lsc-knn-task:1
Creating ALB...
ALB ARN: arn:aws:elasticloadbalancing:us-east-1:905418162206:loadbalancer/app/lsc-knn-alb/460c97e5c5c9d1de
ALB DNS: lsc-knn-alb-50725315.us-east-1.elb.amazonaws.com
Creating target group...
Target Group: arn:aws:elasticloadbalancing:us-east-1:905418162206:targetgroup/lsc-knn-tg/7047f117c88952e7
Creating ALB listener...
Listener: arn:aws:elasticloadbalancing:us-east-1:905418162206:listener/app/lsc-knn-alb/460c97e5c5c9d1de/a8e46f961c465278
Creating ECS service...
arn:aws:ecs:us-east-1:905418162206:service/lsc-knn-cluster/lsc-knn-service
Waiting for ECS service to stabilize (this may take 1-2 minutes)...
=== Fargate done. ALB URL: http://lsc-knn-alb-50725315.us-east-1.elb.amazonaws.com ===
milzor@Miloszs-MacBook-Air lsc-lab4-aws-cloud-r2-MilzorV % bash deploy/05-ec2-app.sh
Config loaded: ACCOUNT_ID=905418162206, REGION=us-east-1
=== Step 5: EC2 Application Instance (t3.small) ===
Creating app security group...
{
    "Return": true,
    "SecurityGroupRules": [
        {
            "SecurityGroupRuleId": "sgr-028154ab49b2e31cf",
            "GroupId": "sg-039c79245185929a7",
            "GroupOwnerId": "905418162206",
            "IsEgress": false,
            "IpProtocol": "tcp",
            "FromPort": 8080,
            "ToPort": 8080,
            "CidrIpv4": "0.0.0.0/0",
            "SecurityGroupRuleArn": "arn:aws:ec2:us-east-1:905418162206:security-group-rule/sgr-028154ab49b2e31cf"
        }
    ]
}
{
    "Return": true,
    "SecurityGroupRules": [
        {
            "SecurityGroupRuleId": "sgr-03a2b44d37a332b57",
            "GroupId": "sg-039c79245185929a7",
            "GroupOwnerId": "905418162206",
            "IsEgress": false,
            "IpProtocol": "tcp",
            "FromPort": 22,
            "ToPort": 22,
            "CidrIpv4": "0.0.0.0/0",
            "SecurityGroupRuleArn": "arn:aws:ec2:us-east-1:905418162206:security-group-rule/sgr-03a2b44d37a332b57"
        }
    ]
}
Security Grou p: sg-039c79245185929a7
Finding latest Amazon Linux 2023 AMI...
AMI: ami-0c421724a94bba6d6
Checking for LabInstanceProfile...
Instance Profile: LabInstanceProfile
Launching EC2 instance...
Instance ID: i-0722fa486ada0d586
Waiting for instance to be running...
=== EC2 App done. Public IP: 44.197.216.203 ===
URL: http://44.197.216.203:8080
NOTE: Wait ~2 minutes for Docker to pull and start the container.
Test with: curl -X POST -H 'Content-Type: application/json' -d @loadtest/query.json http://44.197.216.203:8080/search
milzor@Miloszs-MacBook-Air lsc-lab4-aws-cloud-r2-MilzorV % 
